{"/home/firmantt/waizly-assessment/Backend 1/config/db.config.js": {"path":"/home/firmantt/waizly-assessment/Backend 1/config/db.config.js","statementMap":{"0":{"start":{"line":2,"column":0},"end":{"line":20,"column":2}}},"fnMap":{},"branchMap":{},"s":{"0":2},"f":{},"b":{},"_coverageSchema":"1a1c01bbd47fc00a2c39e90264f33305004495a9","hash":"e5ed57bf74b7721a4a91e8c60ffbc0409c0cfc25"}
,"/home/firmantt/waizly-assessment/Backend 1/controller/api/v1/todo.api.controller.js": {"path":"/home/firmantt/waizly-assessment/Backend 1/controller/api/v1/todo.api.controller.js","statementMap":{"0":{"start":{"line":1,"column":11},"end":{"line":1,"column":37}},"1":{"start":{"line":2,"column":13},"end":{"line":2,"column":21}},"2":{"start":{"line":3,"column":13},"end":{"line":3,"column":21}},"3":{"start":{"line":4,"column":23},"end":{"line":4,"column":38}},"4":{"start":{"line":6,"column":0},"end":{"line":124,"column":1}},"5":{"start":{"line":8,"column":23},"end":{"line":8,"column":36}},"6":{"start":{"line":9,"column":8},"end":{"line":24,"column":9}},"7":{"start":{"line":10,"column":26},"end":{"line":14,"column":14}},"8":{"start":{"line":16,"column":12},"end":{"line":19,"column":14}},"9":{"start":{"line":22,"column":12},"end":{"line":22,"column":29}},"10":{"start":{"line":23,"column":12},"end":{"line":23,"column":67}},"11":{"start":{"line":27,"column":23},"end":{"line":27,"column":36}},"12":{"start":{"line":29,"column":8},"end":{"line":51,"column":9}},"13":{"start":{"line":30,"column":26},"end":{"line":35,"column":14}},"14":{"start":{"line":37,"column":32},"end":{"line":41,"column":14}},"15":{"start":{"line":43,"column":12},"end":{"line":46,"column":14}},"16":{"start":{"line":49,"column":12},"end":{"line":49,"column":29}},"17":{"start":{"line":50,"column":12},"end":{"line":50,"column":67}},"18":{"start":{"line":54,"column":19},"end":{"line":54,"column":32}},"19":{"start":{"line":56,"column":8},"end":{"line":75,"column":9}},"20":{"start":{"line":57,"column":25},"end":{"line":57,"column":48}},"21":{"start":{"line":58,"column":12},"end":{"line":58,"column":66}},"22":{"start":{"line":59,"column":12},"end":{"line":59,"column":30}},"23":{"start":{"line":61,"column":32},"end":{"line":65,"column":14}},"24":{"start":{"line":67,"column":12},"end":{"line":70,"column":14}},"25":{"start":{"line":73,"column":12},"end":{"line":73,"column":29}},"26":{"start":{"line":74,"column":12},"end":{"line":74,"column":67}},"27":{"start":{"line":78,"column":19},"end":{"line":78,"column":32}},"28":{"start":{"line":80,"column":8},"end":{"line":99,"column":9}},"29":{"start":{"line":81,"column":25},"end":{"line":81,"column":48}},"30":{"start":{"line":82,"column":12},"end":{"line":82,"column":47}},"31":{"start":{"line":83,"column":12},"end":{"line":83,"column":30}},"32":{"start":{"line":85,"column":32},"end":{"line":89,"column":14}},"33":{"start":{"line":91,"column":12},"end":{"line":94,"column":14}},"34":{"start":{"line":97,"column":12},"end":{"line":97,"column":29}},"35":{"start":{"line":98,"column":12},"end":{"line":98,"column":67}},"36":{"start":{"line":102,"column":19},"end":{"line":102,"column":32}},"37":{"start":{"line":103,"column":8},"end":{"line":121,"column":9}},"38":{"start":{"line":104,"column":25},"end":{"line":104,"column":48}},"39":{"start":{"line":105,"column":27},"end":{"line":105,"column":38}},"40":{"start":{"line":106,"column":12},"end":{"line":106,"column":33}},"41":{"start":{"line":108,"column":32},"end":{"line":112,"column":14}},"42":{"start":{"line":114,"column":12},"end":{"line":117,"column":14}},"43":{"start":{"line":119,"column":12},"end":{"line":119,"column":29}},"44":{"start":{"line":120,"column":12},"end":{"line":120,"column":67}}},"fnMap":{"0":{"name":"(anonymous_0)","decl":{"start":{"line":7,"column":18},"end":{"line":7,"column":19}},"loc":{"start":{"line":7,"column":38},"end":{"line":25,"column":5}},"line":7},"1":{"name":"(anonymous_1)","decl":{"start":{"line":26,"column":13},"end":{"line":26,"column":14}},"loc":{"start":{"line":26,"column":33},"end":{"line":52,"column":5}},"line":26},"2":{"name":"(anonymous_2)","decl":{"start":{"line":53,"column":18},"end":{"line":53,"column":19}},"loc":{"start":{"line":53,"column":38},"end":{"line":76,"column":5}},"line":53},"3":{"name":"(anonymous_3)","decl":{"start":{"line":77,"column":22},"end":{"line":77,"column":23}},"loc":{"start":{"line":77,"column":42},"end":{"line":100,"column":5}},"line":77},"4":{"name":"(anonymous_4)","decl":{"start":{"line":101,"column":16},"end":{"line":101,"column":17}},"loc":{"start":{"line":101,"column":36},"end":{"line":123,"column":5}},"line":101}},"branchMap":{"0":{"loc":{"start":{"line":58,"column":24},"end":{"line":58,"column":65}},"type":"cond-expr","locations":[{"start":{"line":58,"column":40},"end":{"line":58,"column":53}},{"start":{"line":58,"column":56},"end":{"line":58,"column":65}}],"line":58}},"s":{"0":1,"1":1,"2":1,"3":1,"4":1,"5":1,"6":1,"7":1,"8":1,"9":0,"10":0,"11":2,"12":2,"13":2,"14":1,"15":1,"16":1,"17":1,"18":2,"19":2,"20":2,"21":1,"22":0,"23":0,"24":0,"25":2,"26":2,"27":1,"28":1,"29":1,"30":1,"31":1,"32":1,"33":1,"34":0,"35":0,"36":1,"37":1,"38":1,"39":1,"40":1,"41":1,"42":1,"43":0,"44":0},"f":{"0":1,"1":2,"2":2,"3":1,"4":1},"b":{"0":[1,0]},"_coverageSchema":"1a1c01bbd47fc00a2c39e90264f33305004495a9","hash":"0125d27ee8e4017f1f763ad5e2e35a936f5f2c7d"}
,"/home/firmantt/waizly-assessment/Backend 1/controller/api/v1/user.api.controller.js": {"path":"/home/firmantt/waizly-assessment/Backend 1/controller/api/v1/user.api.controller.js","statementMap":{"0":{"start":{"line":1,"column":11},"end":{"line":1,"column":37}},"1":{"start":{"line":2,"column":13},"end":{"line":2,"column":21}},"2":{"start":{"line":3,"column":23},"end":{"line":3,"column":38}},"3":{"start":{"line":4,"column":15},"end":{"line":4,"column":32}},"4":{"start":{"line":6,"column":0},"end":{"line":71,"column":1}},"5":{"start":{"line":8,"column":39},"end":{"line":8,"column":47}},"6":{"start":{"line":10,"column":8},"end":{"line":34,"column":9}},"7":{"start":{"line":11,"column":30},"end":{"line":13,"column":14}},"8":{"start":{"line":15,"column":12},"end":{"line":19,"column":13}},"9":{"start":{"line":16,"column":16},"end":{"line":18,"column":19}},"10":{"start":{"line":21,"column":35},"end":{"line":21,"column":66}},"11":{"start":{"line":24,"column":28},"end":{"line":28,"column":14}},"12":{"start":{"line":30,"column":12},"end":{"line":30,"column":65}},"13":{"start":{"line":32,"column":12},"end":{"line":32,"column":31}},"14":{"start":{"line":33,"column":12},"end":{"line":33,"column":69}},"15":{"start":{"line":37,"column":8},"end":{"line":69,"column":9}},"16":{"start":{"line":38,"column":43},"end":{"line":38,"column":51}},"17":{"start":{"line":40,"column":25},"end":{"line":44,"column":14}},"18":{"start":{"line":46,"column":12},"end":{"line":48,"column":13}},"19":{"start":{"line":47,"column":16},"end":{"line":47,"column":81}},"20":{"start":{"line":50,"column":28},"end":{"line":50,"column":73}},"21":{"start":{"line":52,"column":12},"end":{"line":54,"column":13}},"22":{"start":{"line":53,"column":16},"end":{"line":53,"column":71}},"23":{"start":{"line":56,"column":27},"end":{"line":56,"column":34}},"24":{"start":{"line":58,"column":12},"end":{"line":64,"column":15}},"25":{"start":{"line":68,"column":12},"end":{"line":68,"column":69}}},"fnMap":{"0":{"name":"(anonymous_0)","decl":{"start":{"line":7,"column":14},"end":{"line":7,"column":15}},"loc":{"start":{"line":7,"column":34},"end":{"line":35,"column":7}},"line":7},"1":{"name":"(anonymous_1)","decl":{"start":{"line":36,"column":11},"end":{"line":36,"column":12}},"loc":{"start":{"line":36,"column":31},"end":{"line":70,"column":5}},"line":36}},"branchMap":{"0":{"loc":{"start":{"line":15,"column":12},"end":{"line":19,"column":13}},"type":"if","locations":[{"start":{"line":15,"column":12},"end":{"line":19,"column":13}},{"start":{},"end":{}}],"line":15},"1":{"loc":{"start":{"line":46,"column":12},"end":{"line":48,"column":13}},"type":"if","locations":[{"start":{"line":46,"column":12},"end":{"line":48,"column":13}},{"start":{},"end":{}}],"line":46},"2":{"loc":{"start":{"line":52,"column":12},"end":{"line":54,"column":13}},"type":"if","locations":[{"start":{"line":52,"column":12},"end":{"line":54,"column":13}},{"start":{},"end":{}}],"line":52}},"s":{"0":1,"1":1,"2":1,"3":1,"4":1,"5":3,"6":3,"7":3,"8":2,"9":1,"10":1,"11":1,"12":1,"13":1,"14":1,"15":3,"16":3,"17":3,"18":3,"19":1,"20":2,"21":2,"22":1,"23":1,"24":1,"25":0},"f":{"0":3,"1":3},"b":{"0":[1,1],"1":[1,2],"2":[1,1]},"_coverageSchema":"1a1c01bbd47fc00a2c39e90264f33305004495a9","hash":"b89e31fee74fc5c231fea9a962c8728eeff0f61e"}
,"/home/firmantt/waizly-assessment/Backend 1/models/index.js": {"path":"/home/firmantt/waizly-assessment/Backend 1/models/index.js","statementMap":{"0":{"start":{"line":1,"column":17},"end":{"line":1,"column":50}},"1":{"start":{"line":2,"column":11},"end":{"line":2,"column":24}},"2":{"start":{"line":4,"column":18},"end":{"line":4,"column":38}},"3":{"start":{"line":5,"column":15},"end":{"line":17,"column":2}},"4":{"start":{"line":19,"column":11},"end":{"line":19,"column":13}},"5":{"start":{"line":21,"column":0},"end":{"line":21,"column":25}},"6":{"start":{"line":22,"column":0},"end":{"line":22,"column":19}},"7":{"start":{"line":25,"column":0},"end":{"line":25,"column":57}},"8":{"start":{"line":26,"column":0},"end":{"line":26,"column":57}},"9":{"start":{"line":30,"column":0},"end":{"line":30,"column":74}},"10":{"start":{"line":34,"column":0},"end":{"line":34,"column":20}}},"fnMap":{},"branchMap":{},"s":{"0":2,"1":2,"2":2,"3":2,"4":2,"5":2,"6":2,"7":2,"8":2,"9":2,"10":2},"f":{},"b":{},"_coverageSchema":"1a1c01bbd47fc00a2c39e90264f33305004495a9","hash":"0bf54813206fa03f54c8dce82e9bc4e9309dfc05"}
,"/home/firmantt/waizly-assessment/Backend 1/models/todo.model.js": {"path":"/home/firmantt/waizly-assessment/Backend 1/models/todo.model.js","statementMap":{"0":{"start":{"line":1,"column":0},"end":{"line":17,"column":2}},"1":{"start":{"line":2,"column":17},"end":{"line":14,"column":6}},"2":{"start":{"line":16,"column":2},"end":{"line":16,"column":14}}},"fnMap":{"0":{"name":"(anonymous_0)","decl":{"start":{"line":1,"column":17},"end":{"line":1,"column":18}},"loc":{"start":{"line":1,"column":43},"end":{"line":17,"column":1}},"line":1}},"branchMap":{},"s":{"0":2,"1":2,"2":2},"f":{"0":2},"b":{},"_coverageSchema":"1a1c01bbd47fc00a2c39e90264f33305004495a9","hash":"bf3891b64b4e7081e94888731ae569ed9895172b"}
,"/home/firmantt/waizly-assessment/Backend 1/models/user.model.js": {"path":"/home/firmantt/waizly-assessment/Backend 1/models/user.model.js","statementMap":{"0":{"start":{"line":1,"column":15},"end":{"line":1,"column":32}},"1":{"start":{"line":3,"column":0},"end":{"line":54,"column":2}},"2":{"start":{"line":4,"column":17},"end":{"line":41,"column":6}},"3":{"start":{"line":17,"column":16},"end":{"line":25,"column":19}},"4":{"start":{"line":21,"column":20},"end":{"line":23,"column":21}},"5":{"start":{"line":22,"column":20},"end":{"line":22,"column":63}},"6":{"start":{"line":24,"column":20},"end":{"line":24,"column":27}},"7":{"start":{"line":43,"column":4},"end":{"line":51,"column":5}},"8":{"start":{"line":44,"column":8},"end":{"line":50,"column":10}},"9":{"start":{"line":45,"column":12},"end":{"line":49,"column":13}},"10":{"start":{"line":46,"column":16},"end":{"line":46,"column":44}},"11":{"start":{"line":48,"column":16},"end":{"line":48,"column":42}},"12":{"start":{"line":53,"column":2},"end":{"line":53,"column":14}}},"fnMap":{"0":{"name":"(anonymous_0)","decl":{"start":{"line":3,"column":17},"end":{"line":3,"column":18}},"loc":{"start":{"line":3,"column":43},"end":{"line":54,"column":1}},"line":3},"1":{"name":"(anonymous_1)","decl":{"start":{"line":16,"column":26},"end":{"line":16,"column":27}},"loc":{"start":{"line":16,"column":43},"end":{"line":26,"column":17}},"line":16},"2":{"name":"(anonymous_2)","decl":{"start":{"line":20,"column":22},"end":{"line":20,"column":23}},"loc":{"start":{"line":20,"column":32},"end":{"line":25,"column":17}},"line":20},"3":{"name":"(anonymous_3)","decl":{"start":{"line":43,"column":42},"end":{"line":43,"column":43}},"loc":{"start":{"line":43,"column":61},"end":{"line":51,"column":5}},"line":43},"4":{"name":"(anonymous_4)","decl":{"start":{"line":44,"column":27},"end":{"line":44,"column":28}},"loc":{"start":{"line":44,"column":48},"end":{"line":50,"column":9}},"line":44}},"branchMap":{"0":{"loc":{"start":{"line":21,"column":20},"end":{"line":23,"column":21}},"type":"if","locations":[{"start":{"line":21,"column":20},"end":{"line":23,"column":21}},{"start":{},"end":{}}],"line":21},"1":{"loc":{"start":{"line":45,"column":12},"end":{"line":49,"column":13}},"type":"if","locations":[{"start":{"line":45,"column":12},"end":{"line":49,"column":13}},{"start":{"line":47,"column":19},"end":{"line":49,"column":13}}],"line":45}},"s":{"0":2,"1":2,"2":2,"3":1,"4":1,"5":0,"6":1,"7":2,"8":0,"9":0,"10":0,"11":0,"12":2},"f":{"0":2,"1":1,"2":1,"3":0,"4":0},"b":{"0":[0,1],"1":[0,0]},"_coverageSchema":"1a1c01bbd47fc00a2c39e90264f33305004495a9","hash":"9bab394f1b1148894fba33842b499de9e0fa74b7"}
}
