TN:
SF:config/db.config.js
FNF:0
FNH:0
DA:2,2
LF:1
LH:1
BRF:0
BRH:0
end_of_record
TN:
SF:controller/api/v1/todo.api.controller.js
FN:7,(anonymous_0)
FN:26,(anonymous_1)
FN:53,(anonymous_2)
FN:77,(anonymous_3)
FN:101,(anonymous_4)
FNF:5
FNH:5
FNDA:1,(anonymous_0)
FNDA:2,(anonymous_1)
FNDA:2,(anonymous_2)
FNDA:1,(anonymous_3)
FNDA:1,(anonymous_4)
DA:1,1
DA:2,1
DA:3,1
DA:4,1
DA:6,1
DA:8,1
DA:9,1
DA:10,1
DA:16,1
DA:22,0
DA:23,0
DA:27,2
DA:29,2
DA:30,2
DA:37,1
DA:43,1
DA:49,1
DA:50,1
DA:54,2
DA:56,2
DA:57,2
DA:58,1
DA:59,0
DA:61,0
DA:67,0
DA:73,2
DA:74,2
DA:78,1
DA:80,1
DA:81,1
DA:82,1
DA:83,1
DA:85,1
DA:91,1
DA:97,0
DA:98,0
DA:102,1
DA:103,1
DA:104,1
DA:105,1
DA:106,1
DA:108,1
DA:114,1
DA:119,0
DA:120,0
LF:45
LH:36
BRDA:58,0,0,1
BRDA:58,0,1,0
BRF:2
BRH:1
end_of_record
TN:
SF:controller/api/v1/user.api.controller.js
FN:7,(anonymous_0)
FN:36,(anonymous_1)
FNF:2
FNH:2
FNDA:3,(anonymous_0)
FNDA:3,(anonymous_1)
DA:1,1
DA:2,1
DA:3,1
DA:4,1
DA:6,1
DA:8,3
DA:10,3
DA:11,3
DA:15,2
DA:16,1
DA:21,1
DA:24,1
DA:30,1
DA:32,1
DA:33,1
DA:37,3
DA:38,3
DA:40,3
DA:46,3
DA:47,1
DA:50,2
DA:52,2
DA:53,1
DA:56,1
DA:58,1
DA:68,0
LF:26
LH:25
BRDA:15,0,0,1
BRDA:15,0,1,1
BRDA:46,1,0,1
BRDA:46,1,1,2
BRDA:52,2,0,1
BRDA:52,2,1,1
BRF:6
BRH:6
end_of_record
TN:
SF:models/index.js
FNF:0
FNH:0
DA:1,2
DA:2,2
DA:4,2
DA:5,2
DA:19,2
DA:21,2
DA:22,2
DA:25,2
DA:26,2
DA:30,2
DA:34,2
LF:11
LH:11
BRF:0
BRH:0
end_of_record
TN:
SF:models/todo.model.js
FN:1,(anonymous_0)
FNF:1
FNH:1
FNDA:2,(anonymous_0)
DA:1,2
DA:2,2
DA:16,2
LF:3
LH:3
BRF:0
BRH:0
end_of_record
TN:
SF:models/user.model.js
FN:3,(anonymous_0)
FN:16,(anonymous_1)
FN:20,(anonymous_2)
FN:43,(anonymous_3)
FN:44,(anonymous_4)
FNF:5
FNH:3
FNDA:2,(anonymous_0)
FNDA:1,(anonymous_1)
FNDA:1,(anonymous_2)
FNDA:0,(anonymous_3)
FNDA:0,(anonymous_4)
DA:1,2
DA:3,2
DA:4,2
DA:17,1
DA:21,1
DA:22,0
DA:24,1
DA:43,2
DA:44,0
DA:45,0
DA:46,0
DA:48,0
DA:53,2
LF:13
LH:8
BRDA:21,0,0,0
BRDA:21,0,1,1
BRDA:45,1,0,0
BRDA:45,1,1,0
BRF:4
BRH:1
end_of_record
